#-----------------------------------------------------------
# Vivado v2021.1 (64-bit)
# SW Build 3247384 on Thu Jun 10 19:36:33 MDT 2021
# IP Build 3246043 on Fri Jun 11 00:30:35 MDT 2021
# Start of session at: Sun Dec 18 17:56:45 2022
# Process ID: 10572
# Current directory: C:/Users/maria/Desktop/Serpiente
# Command line: vivado.exe -gui_launcher_event rodinguilauncherevent21076 C:\Users\maria\Desktop\Serpiente\Serpiente.xpr
# Log file: C:/Users/maria/Desktop/Serpiente/vivado.log
# Journal file: C:/Users/maria/Desktop/Serpiente\vivado.jou
#-----------------------------------------------------------
start_gui
open_project C:/Users/maria/Desktop/Serpiente/Serpiente.xpr
INFO: [Project 1-313] Project file moved from 'C:/Xilinx/Serpiente' since last save.
Scanning sources...
Finished scanning sources
INFO: [IP_Flow 19-234] Refreshing IP repositories
INFO: [IP_Flow 19-1704] No user IP repositories specified
INFO: [IP_Flow 19-2313] Loaded Vivado IP repository 'C:/Xilinx/Vivado/2021.1/data/ip'.
update_compile_order -fileset sources_1
reset_run blk_mem_gen_0_synth_1
WARNING: [Vivado 12-1017] Problems encountered:
1. Failed to delete one or more files in run directory C:/Users/maria/Desktop/Serpiente/Serpiente.runs/blk_mem_gen_0_synth_1

reset_run synth_1
WARNING: [Vivado 12-1017] Problems encountered:
1. Failed to delete one or more files in run directory C:/Users/maria/Desktop/Serpiente/Serpiente.runs/synth_1

launch_runs synth_1 -jobs 10
INFO: [IP_Flow 19-1686] Generating 'Synthesis' target for IP 'blk_mem_gen_1'...
INFO: [IP_Flow 19-4993] Using cached IP synthesis design for IP blk_mem_gen_1, cache-ID = cc9257a3ab10d3df; cache size = 0.803 MB.
INFO: [Vivado 12-4149] The synthesis checkpoint for IP 'C:/Users/maria/Desktop/Serpiente/Serpiente.srcs/sources_1/ip/blk_mem_gen_1/blk_mem_gen_1.xci' is already up-to-date
INFO: [IP_Flow 19-1686] Generating 'Synthesis' target for IP 'blk_mem_gen_0'...
[Sun Dec 18 17:58:58 2022] Launched blk_mem_gen_0_synth_1...
Run output will be captured here: C:/Users/maria/Desktop/Serpiente/Serpiente.runs/blk_mem_gen_0_synth_1/runme.log
[Sun Dec 18 17:58:58 2022] Launched synth_1...
Run output will be captured here: C:/Users/maria/Desktop/Serpiente/Serpiente.runs/synth_1/runme.log
launch_runs impl_1 -jobs 10
INFO: [Vivado 12-4149] The synthesis checkpoint for IP 'C:/Users/maria/Desktop/Serpiente/Serpiente.srcs/sources_1/ip/blk_mem_gen_1/blk_mem_gen_1.xci' is already up-to-date
[Sun Dec 18 17:59:40 2022] Launched impl_1...
Run output will be captured here: C:/Users/maria/Desktop/Serpiente/Serpiente.runs/impl_1/runme.log
launch_runs impl_1 -to_step write_bitstream -jobs 10
INFO: [Vivado 12-4149] The synthesis checkpoint for IP 'C:/Users/maria/Desktop/Serpiente/Serpiente.srcs/sources_1/ip/blk_mem_gen_1/blk_mem_gen_1.xci' is already up-to-date
[Sun Dec 18 18:00:32 2022] Launched impl_1...
Run output will be captured here: C:/Users/maria/Desktop/Serpiente/Serpiente.runs/impl_1/runme.log
open_hw_manager
connect_hw_server -allow_non_jtag
INFO: [Labtools 27-2285] Connecting to hw_server url TCP:localhost:3121
INFO: [Labtools 27-2222] Launching hw_server...
INFO: [Labtools 27-2221] Launch Output:

****** Xilinx hw_server v2021.1
  **** Build date : Jun 10 2021 at 20:17:23
    ** Copyright 1986-2021 Xilinx, Inc. All Rights Reserved.


INFO: [Labtools 27-3415] Connecting to cs_server url TCP:localhost:3042
INFO: [Labtools 27-3417] Launching cs_server...
INFO: [Labtools 27-2221] Launch Output:


******** Xilinx cs_server v2021.1
  ****** Build date   : May 26 2021-19:32:33
    **** Build number : 2021.1.1622050353
      ** Copyright 2017-2022 Xilinx, Inc. All Rights Reserved.



connect_hw_server: Time (s): cpu = 00:00:00 ; elapsed = 00:00:06 . Memory (MB): peak = 1499.703 ; gain = 0.000
open_hw_target
INFO: [Labtoolstcl 44-466] Opening hw_target localhost:3121/xilinx_tcf/Digilent/210183B163DBA
set_property PROGRAM.FILE {C:/Users/maria/Desktop/Serpiente/Serpiente.runs/impl_1/SERPIENTE_FULL.bit} [get_hw_devices xc7a35t_0]
current_hw_device [get_hw_devices xc7a35t_0]
refresh_hw_device -update_hw_probes false [lindex [get_hw_devices xc7a35t_0] 0]
INFO: [Labtools 27-1434] Device xc7a35t (JTAG device index = 0) is programmed with a design that has no supported debug core(s) in it.
set_property PROBES.FILE {} [get_hw_devices xc7a35t_0]
set_property FULL_PROBES.FILE {} [get_hw_devices xc7a35t_0]
set_property PROGRAM.FILE {C:/Users/maria/Desktop/Serpiente/Serpiente.runs/impl_1/SERPIENTE_FULL.bit} [get_hw_devices xc7a35t_0]
program_hw_devices [get_hw_devices xc7a35t_0]
INFO: [Labtools 27-3164] End of startup status: HIGH
refresh_hw_device [lindex [get_hw_devices xc7a35t_0] 0]
INFO: [Labtools 27-1434] Device xc7a35t (JTAG device index = 0) is programmed with a design that has no supported debug core(s) in it.
close_hw_manager
reset_run synth_1
WARNING: [Vivado 12-1017] Problems encountered:
1. Failed to delete one or more files in run directory C:/Users/maria/Desktop/Serpiente/Serpiente.runs/synth_1

launch_runs synth_1 -jobs 10
INFO: [Vivado 12-4149] The synthesis checkpoint for IP 'C:/Users/maria/Desktop/Serpiente/Serpiente.srcs/sources_1/ip/blk_mem_gen_1/blk_mem_gen_1.xci' is already up-to-date
[Sun Dec 18 18:09:14 2022] Launched synth_1...
Run output will be captured here: C:/Users/maria/Desktop/Serpiente/Serpiente.runs/synth_1/runme.log
launch_runs impl_1 -jobs 10
INFO: [Vivado 12-4149] The synthesis checkpoint for IP 'C:/Users/maria/Desktop/Serpiente/Serpiente.srcs/sources_1/ip/blk_mem_gen_1/blk_mem_gen_1.xci' is already up-to-date
[Sun Dec 18 18:09:56 2022] Launched impl_1...
Run output will be captured here: C:/Users/maria/Desktop/Serpiente/Serpiente.runs/impl_1/runme.log
launch_runs impl_1 -to_step write_bitstream -jobs 10
INFO: [Vivado 12-4149] The synthesis checkpoint for IP 'C:/Users/maria/Desktop/Serpiente/Serpiente.srcs/sources_1/ip/blk_mem_gen_1/blk_mem_gen_1.xci' is already up-to-date
[Sun Dec 18 18:10:42 2022] Launched impl_1...
Run output will be captured here: C:/Users/maria/Desktop/Serpiente/Serpiente.runs/impl_1/runme.log
open_hw_manager
connect_hw_server -allow_non_jtag
INFO: [Labtools 27-2285] Connecting to hw_server url TCP:localhost:3121
INFO: [Labtools 27-2222] Launching hw_server...
INFO: [Labtools 27-2221] Launch Output:

****** Xilinx hw_server v2021.1
  **** Build date : Jun 10 2021 at 20:17:23
    ** Copyright 1986-2021 Xilinx, Inc. All Rights Reserved.


INFO: [Labtools 27-3415] Connecting to cs_server url TCP:localhost:3042
INFO: [Labtools 27-3417] Launching cs_server...
INFO: [Labtools 27-2221] Launch Output:


******** Xilinx cs_server v2021.1
  ****** Build date   : May 26 2021-19:32:33
    **** Build number : 2021.1.1622050353
      ** Copyright 2017-2022 Xilinx, Inc. All Rights Reserved.



connect_hw_server: Time (s): cpu = 00:00:00 ; elapsed = 00:00:06 . Memory (MB): peak = 2847.953 ; gain = 0.000
open_hw_target
INFO: [Labtoolstcl 44-466] Opening hw_target localhost:3121/xilinx_tcf/Digilent/210183B163DBA
set_property PROGRAM.FILE {C:/Users/maria/Desktop/Serpiente/Serpiente.runs/impl_1/SERPIENTE_FULL.bit} [get_hw_devices xc7a35t_0]
current_hw_device [get_hw_devices xc7a35t_0]
refresh_hw_device -update_hw_probes false [lindex [get_hw_devices xc7a35t_0] 0]
INFO: [Labtools 27-1434] Device xc7a35t (JTAG device index = 0) is programmed with a design that has no supported debug core(s) in it.
set_property PROBES.FILE {} [get_hw_devices xc7a35t_0]
set_property FULL_PROBES.FILE {} [get_hw_devices xc7a35t_0]
set_property PROGRAM.FILE {C:/Users/maria/Desktop/Serpiente/Serpiente.runs/impl_1/SERPIENTE_FULL.bit} [get_hw_devices xc7a35t_0]
program_hw_devices [get_hw_devices xc7a35t_0]
INFO: [Labtools 27-3164] End of startup status: HIGH
refresh_hw_device [lindex [get_hw_devices xc7a35t_0] 0]
INFO: [Labtools 27-1434] Device xc7a35t (JTAG device index = 0) is programmed with a design that has no supported debug core(s) in it.
set_property PROBES.FILE {} [get_hw_devices xc7a35t_0]
set_property FULL_PROBES.FILE {} [get_hw_devices xc7a35t_0]
set_property PROGRAM.FILE {C:/Users/maria/Desktop/Serpiente/Serpiente.runs/impl_1/SERPIENTE_FULL.bit} [get_hw_devices xc7a35t_0]
program_hw_devices [get_hw_devices xc7a35t_0]
INFO: [Labtools 27-3164] End of startup status: HIGH
refresh_hw_device [lindex [get_hw_devices xc7a35t_0] 0]
INFO: [Labtools 27-1434] Device xc7a35t (JTAG device index = 0) is programmed with a design that has no supported debug core(s) in it.
set_property PROBES.FILE {} [get_hw_devices xc7a35t_0]
set_property FULL_PROBES.FILE {} [get_hw_devices xc7a35t_0]
set_property PROGRAM.FILE {C:/Users/maria/Desktop/Serpiente/Serpiente.runs/impl_1/SERPIENTE_FULL.bit} [get_hw_devices xc7a35t_0]
program_hw_devices [get_hw_devices xc7a35t_0]
INFO: [Labtools 27-3164] End of startup status: HIGH
refresh_hw_device [lindex [get_hw_devices xc7a35t_0] 0]
INFO: [Labtools 27-1434] Device xc7a35t (JTAG device index = 0) is programmed with a design that has no supported debug core(s) in it.
set_property PROBES.FILE {} [get_hw_devices xc7a35t_0]
set_property FULL_PROBES.FILE {} [get_hw_devices xc7a35t_0]
set_property PROGRAM.FILE {C:/Users/maria/Desktop/Serpiente/Serpiente.runs/impl_1/SERPIENTE_FULL.bit} [get_hw_devices xc7a35t_0]
program_hw_devices [get_hw_devices xc7a35t_0]
INFO: [Labtools 27-3164] End of startup status: HIGH
refresh_hw_device [lindex [get_hw_devices xc7a35t_0] 0]
INFO: [Labtools 27-1434] Device xc7a35t (JTAG device index = 0) is programmed with a design that has no supported debug core(s) in it.
close_hw_manager
reset_run synth_1
WARNING: [Vivado 12-1017] Problems encountered:
1. Failed to delete one or more files in run directory C:/Users/maria/Desktop/Serpiente/Serpiente.runs/synth_1

launch_runs synth_1 -jobs 10
INFO: [Vivado 12-4149] The synthesis checkpoint for IP 'C:/Users/maria/Desktop/Serpiente/Serpiente.srcs/sources_1/ip/blk_mem_gen_1/blk_mem_gen_1.xci' is already up-to-date
[Sun Dec 18 18:14:48 2022] Launched synth_1...
Run output will be captured here: C:/Users/maria/Desktop/Serpiente/Serpiente.runs/synth_1/runme.log
launch_runs impl_1 -jobs 10
INFO: [Vivado 12-4149] The synthesis checkpoint for IP 'C:/Users/maria/Desktop/Serpiente/Serpiente.srcs/sources_1/ip/blk_mem_gen_1/blk_mem_gen_1.xci' is already up-to-date
[Sun Dec 18 18:15:27 2022] Launched impl_1...
Run output will be captured here: C:/Users/maria/Desktop/Serpiente/Serpiente.runs/impl_1/runme.log
launch_runs impl_1 -to_step write_bitstream -jobs 10
INFO: [Vivado 12-4149] The synthesis checkpoint for IP 'C:/Users/maria/Desktop/Serpiente/Serpiente.srcs/sources_1/ip/blk_mem_gen_1/blk_mem_gen_1.xci' is already up-to-date
[Sun Dec 18 18:16:29 2022] Launched impl_1...
Run output will be captured here: C:/Users/maria/Desktop/Serpiente/Serpiente.runs/impl_1/runme.log
open_hw_manager
connect_hw_server -allow_non_jtag
INFO: [Labtools 27-2285] Connecting to hw_server url TCP:localhost:3121
INFO: [Labtools 27-2222] Launching hw_server...
INFO: [Labtools 27-2221] Launch Output:

****** Xilinx hw_server v2021.1
  **** Build date : Jun 10 2021 at 20:17:23
    ** Copyright 1986-2021 Xilinx, Inc. All Rights Reserved.


INFO: [Labtools 27-3415] Connecting to cs_server url TCP:localhost:3042
INFO: [Labtools 27-3417] Launching cs_server...
INFO: [Labtools 27-2221] Launch Output:


******** Xilinx cs_server v2021.1
  ****** Build date   : May 26 2021-19:32:33
    **** Build number : 2021.1.1622050353
      ** Copyright 2017-2022 Xilinx, Inc. All Rights Reserved.



connect_hw_server: Time (s): cpu = 00:00:00 ; elapsed = 00:00:06 . Memory (MB): peak = 2861.570 ; gain = 0.000
open_hw_target
INFO: [Labtoolstcl 44-466] Opening hw_target localhost:3121/xilinx_tcf/Digilent/210183B163DBA
set_property PROGRAM.FILE {C:/Users/maria/Desktop/Serpiente/Serpiente.runs/impl_1/SERPIENTE_FULL.bit} [get_hw_devices xc7a35t_0]
current_hw_device [get_hw_devices xc7a35t_0]
refresh_hw_device -update_hw_probes false [lindex [get_hw_devices xc7a35t_0] 0]
INFO: [Labtools 27-1434] Device xc7a35t (JTAG device index = 0) is programmed with a design that has no supported debug core(s) in it.
set_property PROBES.FILE {} [get_hw_devices xc7a35t_0]
set_property FULL_PROBES.FILE {} [get_hw_devices xc7a35t_0]
set_property PROGRAM.FILE {C:/Users/maria/Desktop/Serpiente/Serpiente.runs/impl_1/SERPIENTE_FULL.bit} [get_hw_devices xc7a35t_0]
program_hw_devices [get_hw_devices xc7a35t_0]
INFO: [Labtools 27-3164] End of startup status: HIGH
refresh_hw_device [lindex [get_hw_devices xc7a35t_0] 0]
INFO: [Labtools 27-1434] Device xc7a35t (JTAG device index = 0) is programmed with a design that has no supported debug core(s) in it.
close_hw_manager
reset_run synth_1
WARNING: [Vivado 12-1017] Problems encountered:
1. Failed to delete one or more files in run directory C:/Users/maria/Desktop/Serpiente/Serpiente.runs/synth_1

launch_runs synth_1 -jobs 10
INFO: [Vivado 12-4149] The synthesis checkpoint for IP 'C:/Users/maria/Desktop/Serpiente/Serpiente.srcs/sources_1/ip/blk_mem_gen_1/blk_mem_gen_1.xci' is already up-to-date
[Sun Dec 18 18:20:15 2022] Launched synth_1...
Run output will be captured here: C:/Users/maria/Desktop/Serpiente/Serpiente.runs/synth_1/runme.log
launch_runs impl_1 -jobs 10
INFO: [Vivado 12-4149] The synthesis checkpoint for IP 'C:/Users/maria/Desktop/Serpiente/Serpiente.srcs/sources_1/ip/blk_mem_gen_1/blk_mem_gen_1.xci' is already up-to-date
[Sun Dec 18 18:20:48 2022] Launched impl_1...
Run output will be captured here: C:/Users/maria/Desktop/Serpiente/Serpiente.runs/impl_1/runme.log
launch_runs impl_1 -to_step write_bitstream -jobs 10
INFO: [Vivado 12-4149] The synthesis checkpoint for IP 'C:/Users/maria/Desktop/Serpiente/Serpiente.srcs/sources_1/ip/blk_mem_gen_1/blk_mem_gen_1.xci' is already up-to-date
[Sun Dec 18 18:21:30 2022] Launched impl_1...
Run output will be captured here: C:/Users/maria/Desktop/Serpiente/Serpiente.runs/impl_1/runme.log
open_hw_manager
connect_hw_server -allow_non_jtag
INFO: [Labtools 27-2285] Connecting to hw_server url TCP:localhost:3121
INFO: [Labtools 27-2222] Launching hw_server...
INFO: [Labtools 27-2221] Launch Output:

****** Xilinx hw_server v2021.1
  **** Build date : Jun 10 2021 at 20:17:23
    ** Copyright 1986-2021 Xilinx, Inc. All Rights Reserved.


INFO: [Labtools 27-3415] Connecting to cs_server url TCP:localhost:3042
INFO: [Labtools 27-3417] Launching cs_server...
INFO: [Labtools 27-2221] Launch Output:


******** Xilinx cs_server v2021.1
  ****** Build date   : May 26 2021-19:32:33
    **** Build number : 2021.1.1622050353
      ** Copyright 2017-2022 Xilinx, Inc. All Rights Reserved.



connect_hw_server: Time (s): cpu = 00:00:00 ; elapsed = 00:00:06 . Memory (MB): peak = 2861.570 ; gain = 0.000
open_hw_target
INFO: [Labtoolstcl 44-466] Opening hw_target localhost:3121/xilinx_tcf/Digilent/210183B163DBA
set_property PROGRAM.FILE {C:/Users/maria/Desktop/Serpiente/Serpiente.runs/impl_1/SERPIENTE_FULL.bit} [get_hw_devices xc7a35t_0]
current_hw_device [get_hw_devices xc7a35t_0]
refresh_hw_device -update_hw_probes false [lindex [get_hw_devices xc7a35t_0] 0]
INFO: [Labtools 27-1434] Device xc7a35t (JTAG device index = 0) is programmed with a design that has no supported debug core(s) in it.
set_property PROBES.FILE {} [get_hw_devices xc7a35t_0]
set_property FULL_PROBES.FILE {} [get_hw_devices xc7a35t_0]
set_property PROGRAM.FILE {C:/Users/maria/Desktop/Serpiente/Serpiente.runs/impl_1/SERPIENTE_FULL.bit} [get_hw_devices xc7a35t_0]
program_hw_devices [get_hw_devices xc7a35t_0]
INFO: [Labtools 27-3164] End of startup status: HIGH
refresh_hw_device [lindex [get_hw_devices xc7a35t_0] 0]
INFO: [Labtools 27-1434] Device xc7a35t (JTAG device index = 0) is programmed with a design that has no supported debug core(s) in it.
close_hw_manager
reset_run synth_1
WARNING: [Vivado 12-1017] Problems encountered:
1. Failed to delete one or more files in run directory C:/Users/maria/Desktop/Serpiente/Serpiente.runs/synth_1

launch_runs synth_1 -jobs 10
INFO: [Vivado 12-4149] The synthesis checkpoint for IP 'C:/Users/maria/Desktop/Serpiente/Serpiente.srcs/sources_1/ip/blk_mem_gen_1/blk_mem_gen_1.xci' is already up-to-date
[Sun Dec 18 18:23:17 2022] Launched synth_1...
Run output will be captured here: C:/Users/maria/Desktop/Serpiente/Serpiente.runs/synth_1/runme.log
launch_runs impl_1 -jobs 10
INFO: [Vivado 12-4149] The synthesis checkpoint for IP 'C:/Users/maria/Desktop/Serpiente/Serpiente.srcs/sources_1/ip/blk_mem_gen_1/blk_mem_gen_1.xci' is already up-to-date
[Sun Dec 18 18:23:46 2022] Launched impl_1...
Run output will be captured here: C:/Users/maria/Desktop/Serpiente/Serpiente.runs/impl_1/runme.log
launch_runs impl_1 -to_step write_bitstream -jobs 10
INFO: [Vivado 12-4149] The synthesis checkpoint for IP 'C:/Users/maria/Desktop/Serpiente/Serpiente.srcs/sources_1/ip/blk_mem_gen_1/blk_mem_gen_1.xci' is already up-to-date
[Sun Dec 18 18:24:29 2022] Launched impl_1...
Run output will be captured here: C:/Users/maria/Desktop/Serpiente/Serpiente.runs/impl_1/runme.log
open_hw_manager
connect_hw_server -allow_non_jtag
INFO: [Labtools 27-2285] Connecting to hw_server url TCP:localhost:3121
INFO: [Labtools 27-2222] Launching hw_server...
INFO: [Labtools 27-2221] Launch Output:

****** Xilinx hw_server v2021.1
  **** Build date : Jun 10 2021 at 20:17:23
    ** Copyright 1986-2021 Xilinx, Inc. All Rights Reserved.


INFO: [Labtools 27-3415] Connecting to cs_server url TCP:localhost:3042
INFO: [Labtools 27-3417] Launching cs_server...
INFO: [Labtools 27-2221] Launch Output:


******** Xilinx cs_server v2021.1
  ****** Build date   : May 26 2021-19:32:33
    **** Build number : 2021.1.1622050353
      ** Copyright 2017-2022 Xilinx, Inc. All Rights Reserved.



connect_hw_server: Time (s): cpu = 00:00:00 ; elapsed = 00:00:06 . Memory (MB): peak = 2866.699 ; gain = 0.000
open_hw_target
INFO: [Labtoolstcl 44-466] Opening hw_target localhost:3121/xilinx_tcf/Digilent/210183B163DBA
set_property PROGRAM.FILE {C:/Users/maria/Desktop/Serpiente/Serpiente.runs/impl_1/SERPIENTE_FULL.bit} [get_hw_devices xc7a35t_0]
current_hw_device [get_hw_devices xc7a35t_0]
refresh_hw_device -update_hw_probes false [lindex [get_hw_devices xc7a35t_0] 0]
INFO: [Labtools 27-1434] Device xc7a35t (JTAG device index = 0) is programmed with a design that has no supported debug core(s) in it.
set_property PROBES.FILE {} [get_hw_devices xc7a35t_0]
set_property FULL_PROBES.FILE {} [get_hw_devices xc7a35t_0]
set_property PROGRAM.FILE {C:/Users/maria/Desktop/Serpiente/Serpiente.runs/impl_1/SERPIENTE_FULL.bit} [get_hw_devices xc7a35t_0]
program_hw_devices [get_hw_devices xc7a35t_0]
INFO: [Labtools 27-3164] End of startup status: HIGH
refresh_hw_device [lindex [get_hw_devices xc7a35t_0] 0]
INFO: [Labtools 27-1434] Device xc7a35t (JTAG device index = 0) is programmed with a design that has no supported debug core(s) in it.
close_hw_manager
generate_target Simulation [get_files C:/Users/maria/Desktop/Serpiente/Serpiente.srcs/sources_1/ip/blk_mem_gen_1/blk_mem_gen_1.xci]
INFO: [IP_Flow 19-1686] Generating 'Simulation' target for IP 'blk_mem_gen_1'...
export_ip_user_files -of_objects [get_files C:/Users/maria/Desktop/Serpiente/Serpiente.srcs/sources_1/ip/blk_mem_gen_1/blk_mem_gen_1.xci] -no_script -sync -force -quiet
export_simulation -of_objects [get_files C:/Users/maria/Desktop/Serpiente/Serpiente.srcs/sources_1/ip/blk_mem_gen_1/blk_mem_gen_1.xci] -directory C:/Users/maria/Desktop/Serpiente/Serpiente.ip_user_files/sim_scripts -ip_user_files_dir C:/Users/maria/Desktop/Serpiente/Serpiente.ip_user_files -ipstatic_source_dir C:/Users/maria/Desktop/Serpiente/Serpiente.ip_user_files/ipstatic -lib_map_path [list {modelsim=C:/Users/maria/Desktop/Serpiente/Serpiente.cache/compile_simlib/modelsim} {questa=C:/Users/maria/Desktop/Serpiente/Serpiente.cache/compile_simlib/questa} {riviera=C:/Users/maria/Desktop/Serpiente/Serpiente.cache/compile_simlib/riviera} {activehdl=C:/Users/maria/Desktop/Serpiente/Serpiente.cache/compile_simlib/activehdl}] -use_ip_compiled_libs -force -quiet
generate_target Simulation [get_files C:/Users/maria/Desktop/Serpiente/Serpiente.srcs/sources_1/ip/blk_mem_gen_0/blk_mem_gen_0.xci]
INFO: [IP_Flow 19-1686] Generating 'Simulation' target for IP 'blk_mem_gen_0'...
export_ip_user_files -of_objects [get_files C:/Users/maria/Desktop/Serpiente/Serpiente.srcs/sources_1/ip/blk_mem_gen_0/blk_mem_gen_0.xci] -no_script -sync -force -quiet
export_simulation -of_objects [get_files C:/Users/maria/Desktop/Serpiente/Serpiente.srcs/sources_1/ip/blk_mem_gen_0/blk_mem_gen_0.xci] -directory C:/Users/maria/Desktop/Serpiente/Serpiente.ip_user_files/sim_scripts -ip_user_files_dir C:/Users/maria/Desktop/Serpiente/Serpiente.ip_user_files -ipstatic_source_dir C:/Users/maria/Desktop/Serpiente/Serpiente.ip_user_files/ipstatic -lib_map_path [list {modelsim=C:/Users/maria/Desktop/Serpiente/Serpiente.cache/compile_simlib/modelsim} {questa=C:/Users/maria/Desktop/Serpiente/Serpiente.cache/compile_simlib/questa} {riviera=C:/Users/maria/Desktop/Serpiente/Serpiente.cache/compile_simlib/riviera} {activehdl=C:/Users/maria/Desktop/Serpiente/Serpiente.cache/compile_simlib/activehdl}] -use_ip_compiled_libs -force -quiet
launch_simulation
Command: launch_simulation 
INFO: [Vivado 12-12493] Simulation top is 'SERPIENTE_FULL_tb'
INFO: [Vivado 12-5698] Checking validity of IPs in the design for the 'XSim' simulator...
INFO: [Runs 36-567] Checking/generating simulation output products for IPs/BDs (if any)...
INFO: [Vivado 12-5682] Launching behavioral simulation in 'C:/Users/maria/Desktop/Serpiente/Serpiente.sim/sim_1/behav/xsim'
INFO: [Vivado 12-4795] Using compiled simulation libraries for IPs
INFO: [SIM-utils-51] Simulation object is 'sim_1'
INFO: [SIM-utils-72] Using boost library from 'C:/Xilinx/Vivado/2021.1/tps/boost_1_72_0'
INFO: [USF-XSim-7] Finding pre-compiled libraries...
INFO: [USF-XSim-11] File 'C:/Xilinx/Vivado/2021.1/data/xsim/xsim.ini' copied to run dir:'C:/Users/maria/Desktop/Serpiente/Serpiente.sim/sim_1/behav/xsim'
INFO: [SIM-utils-54] Inspecting design source files for 'SERPIENTE_FULL_tb' in fileset 'sim_1'...
INFO: [SIM-utils-43] Exported 'C:/Users/maria/Desktop/Serpiente/Serpiente.sim/sim_1/behav/xsim/blk_mem_gen_0.mif'
INFO: [SIM-utils-43] Exported 'C:/Users/maria/Desktop/Serpiente/Serpiente.sim/sim_1/behav/xsim/tablero.coe'
INFO: [SIM-utils-43] Exported 'C:/Users/maria/Desktop/Serpiente/Serpiente.sim/sim_1/behav/xsim/blk_mem_gen_1.mif'
INFO: [SIM-utils-43] Exported 'C:/Users/maria/Desktop/Serpiente/Serpiente.sim/sim_1/behav/xsim/snake.coe'
INFO: [USF-XSim-97] Finding global include files...
INFO: [USF-XSim-98] Fetching design files from 'sim_1'...
INFO: [USF-XSim-2] XSim::Compile design
INFO: [USF-XSim-61] Executing 'COMPILE and ANALYZE' step in 'C:/Users/maria/Desktop/Serpiente/Serpiente.sim/sim_1/behav/xsim'
"xvlog --incr --relax -prj SERPIENTE_FULL_tb_vlog.prj"
INFO: [VRFC 10-2263] Analyzing Verilog file "C:/Users/maria/Desktop/Serpiente/Serpiente.gen/sources_1/ip/blk_mem_gen_1/sim/blk_mem_gen_1.v" into library xil_defaultlib
INFO: [VRFC 10-311] analyzing module blk_mem_gen_1
INFO: [VRFC 10-2263] Analyzing Verilog file "C:/Users/maria/Desktop/Serpiente/Serpiente.gen/sources_1/ip/blk_mem_gen_0/sim/blk_mem_gen_0.v" into library xil_defaultlib
INFO: [VRFC 10-311] analyzing module blk_mem_gen_0
INFO: [VRFC 10-2263] Analyzing Verilog file "C:/Users/maria/Desktop/Serpiente/Serpiente.sim/sim_1/behav/xsim/glbl.v" into library xil_defaultlib
INFO: [VRFC 10-311] analyzing module glbl
"xvhdl --incr --relax -prj SERPIENTE_FULL_tb_vhdl.prj"
INFO: [VRFC 10-163] Analyzing VHDL file "C:/Users/maria/Desktop/Serpiente/Serpiente.srcs/sources_1/new/RGB_divider.vhd" into library xil_defaultlib
INFO: [VRFC 10-3107] analyzing entity 'RGB_divider'
INFO: [VRFC 10-163] Analyzing VHDL file "C:/Users/maria/Desktop/Serpiente/Serpiente.srcs/sources_1/new/SERPIENTE.vhd" into library xil_defaultlib
INFO: [VRFC 10-3107] analyzing entity 'SERPIENTE'
INFO: [VRFC 10-163] Analyzing VHDL file "C:/Users/maria/Desktop/Serpiente/Serpiente.srcs/sources_1/new/SERPIENTE_FULL.vhd" into library xil_defaultlib
INFO: [VRFC 10-3107] analyzing entity 'SERPIENTE_FULL'
INFO: [VRFC 10-163] Analyzing VHDL file "C:/Users/maria/Desktop/Serpiente/Serpiente.srcs/sources_1/new/botones_definitivo.vhd" into library xil_defaultlib
INFO: [VRFC 10-3107] analyzing entity 'botones_definitivo'
INFO: [VRFC 10-163] Analyzing VHDL file "C:/Users/maria/Desktop/Serpiente/Serpiente.srcs/sources_1/new/comparador.vhd" into library xil_defaultlib
INFO: [VRFC 10-3107] analyzing entity 'comparador'
INFO: [VRFC 10-163] Analyzing VHDL file "C:/Users/maria/Desktop/Serpiente/Serpiente.srcs/sources_1/new/contador.vhd" into library xil_defaultlib
INFO: [VRFC 10-3107] analyzing entity 'contador'
INFO: [VRFC 10-163] Analyzing VHDL file "C:/Users/maria/Desktop/Serpiente/Serpiente.srcs/sources_1/new/draw.vhd" into library xil_defaultlib
INFO: [VRFC 10-3107] analyzing entity 'draw'
INFO: [VRFC 10-163] Analyzing VHDL file "C:/Users/maria/Desktop/Serpiente/Serpiente.srcs/sources_1/new/driverVGA.vhd" into library xil_defaultlib
INFO: [VRFC 10-3107] analyzing entity 'driverVGA'
INFO: [VRFC 10-163] Analyzing VHDL file "C:/Users/maria/Desktop/Serpiente/Serpiente.srcs/sources_1/new/frec_pixel.vhd" into library xil_defaultlib
INFO: [VRFC 10-3107] analyzing entity 'frec_pixel'
INFO: [VRFC 10-163] Analyzing VHDL file "C:/Users/maria/Desktop/Serpiente/Serpiente.srcs/sources_1/new/gen_color.vhd" into library xil_defaultlib
INFO: [VRFC 10-3107] analyzing entity 'gen_color'
INFO: [VRFC 10-163] Analyzing VHDL file "C:/Users/maria/Desktop/Serpiente/Serpiente.srcs/sources_1/new/gestor.vhd" into library xil_defaultlib
INFO: [VRFC 10-3107] analyzing entity 'gestor'
INFO: [VRFC 10-163] Analyzing VHDL file "C:/Users/maria/Desktop/Serpiente/Serpiente.srcs/sources_1/new/simulacion.vhd" into library xil_defaultlib
INFO: [VRFC 10-3107] analyzing entity 'SERPIENTE_FULL_tb'
run_program: Time (s): cpu = 00:00:00 ; elapsed = 00:00:05 . Memory (MB): peak = 2866.699 ; gain = 0.000
INFO: [USF-XSim-69] 'compile' step finished in '5' seconds
INFO: [USF-XSim-3] XSim::Elaborate design
INFO: [USF-XSim-61] Executing 'ELABORATE' step in 'C:/Users/maria/Desktop/Serpiente/Serpiente.sim/sim_1/behav/xsim'
"xelab -wto 3f16015957524035bf4e2bc3f752c873 --incr --debug typical --relax --mt 2 -L xil_defaultlib -L blk_mem_gen_v8_4_4 -L unisims_ver -L unimacro_ver -L secureip -L xpm --snapshot SERPIENTE_FULL_tb_behav xil_defaultlib.SERPIENTE_FULL_tb xil_defaultlib.glbl -log elaborate.log"
Vivado Simulator v2021.1
Copyright 1986-1999, 2001-2021 Xilinx, Inc. All Rights Reserved.
Running: C:/Xilinx/Vivado/2021.1/bin/unwrapped/win64.o/xelab.exe -wto 3f16015957524035bf4e2bc3f752c873 --incr --debug typical --relax --mt 2 -L xil_defaultlib -L blk_mem_gen_v8_4_4 -L unisims_ver -L unimacro_ver -L secureip -L xpm --snapshot SERPIENTE_FULL_tb_behav xil_defaultlib.SERPIENTE_FULL_tb xil_defaultlib.glbl -log elaborate.log 
Using 2 slave threads.
Starting static elaboration
Pass Through NonSizing Optimizer
Completed static elaboration
Starting simulation data flow analysis
Completed simulation data flow analysis
Time Resolution for simulation is 1ps
Compiling package std.standard
Compiling package std.textio
Compiling package ieee.std_logic_1164
Compiling package ieee.numeric_std
Compiling package vl.vl_types
Compiling module xil_defaultlib.glbl
Compiling architecture behavioral of entity xil_defaultlib.draw [draw_default]
Compiling architecture behavioral of entity xil_defaultlib.frec_pixel [frec_pixel_default]
Compiling architecture behavioral of entity xil_defaultlib.contador [\contador(nbit=10)\]
Compiling architecture behavioral of entity xil_defaultlib.comparador [\comparador(nbit=10,end_of_scree...]
Compiling architecture behavioral of entity xil_defaultlib.comparador [\comparador(nbit=10,end_of_scree...]
Compiling architecture behavioral of entity xil_defaultlib.gen_color [gen_color_default]
Compiling architecture behavioral of entity xil_defaultlib.driverVGA [drivervga_default]
Compiling module blk_mem_gen_v8_4_4.blk_mem_gen_v8_4_4_output_stage(...
Compiling module blk_mem_gen_v8_4_4.blk_mem_gen_v8_4_4_softecc_outpu...
Compiling module blk_mem_gen_v8_4_4.blk_mem_gen_v8_4_4_mem_module(C_...
Compiling module blk_mem_gen_v8_4_4.blk_mem_axi_regs_fwd_v8_4(C_DATA...
Compiling module blk_mem_gen_v8_4_4.blk_mem_gen_v8_4_4(C_FAMILY="art...
Compiling module xil_defaultlib.blk_mem_gen_0
Compiling module blk_mem_gen_v8_4_4.blk_mem_gen_v8_4_4_output_stage(...
Compiling module blk_mem_gen_v8_4_4.blk_mem_gen_v8_4_4_output_stage(...
Compiling module blk_mem_gen_v8_4_4.blk_mem_gen_v8_4_4_softecc_outpu...
Compiling module blk_mem_gen_v8_4_4.blk_mem_gen_v8_4_4_mem_module(C_...
Compiling module blk_mem_gen_v8_4_4.blk_mem_gen_v8_4_4(C_FAMILY="art...
Compiling module xil_defaultlib.blk_mem_gen_1
Compiling architecture behavioral of entity xil_defaultlib.gestor [gestor_default]
Compiling architecture behavioral of entity xil_defaultlib.botones_definitivo [botones_definitivo_default]
Compiling architecture behavioral of entity xil_defaultlib.SERPIENTE [serpiente_default]
Compiling architecture behavioral of entity xil_defaultlib.RGB_divider [\RGB_divider(bits_r=4,bits_g=4,b...]
Compiling architecture behavioral of entity xil_defaultlib.SERPIENTE_FULL [serpiente_full_default]
Compiling architecture test_bench of entity xil_defaultlib.serpiente_full_tb
Built simulation snapshot SERPIENTE_FULL_tb_behav
INFO: [USF-XSim-69] 'elaborate' step finished in '5' seconds
INFO: [USF-XSim-4] XSim::Simulate design
INFO: [USF-XSim-61] Executing 'SIMULATE' step in 'C:/Users/maria/Desktop/Serpiente/Serpiente.sim/sim_1/behav/xsim'
INFO: [USF-XSim-98] *** Running xsim
   with args "SERPIENTE_FULL_tb_behav -key {Behavioral:sim_1:Functional:SERPIENTE_FULL_tb} -tclbatch {SERPIENTE_FULL_tb.tcl} -log {simulate.log}"
INFO: [USF-XSim-8] Loading simulator feature
Time resolution is 1 ps
source SERPIENTE_FULL_tb.tcl
# set curr_wave [current_wave_config]
# if { [string length $curr_wave] == 0 } {
#   if { [llength [get_objects]] > 0} {
#     add_wave /
#     set_property needs_save false [current_wave_config]
#   } else {
#      send_msg_id Add_Wave-1 WARNING "No top level signals found. Simulator will start without a wave window. If you want to open a wave window go to 'File->New Waveform Configuration' or type 'create_wave_config' in the TCL console."
#   }
# }
# run 1000ns
 Block Memory Generator module loading initial data...
 Block Memory Generator data initialization complete.
Block Memory Generator module SERPIENTE_FULL_tb.DUT.La_serpiente.tablero.inst.\native_mem_module.blk_mem_gen_v8_4_4_inst  is using a behavioral model for simulation which will not precisely model memory collision behavior.
 Block Memory Generator module loading initial data...
 Block Memory Generator data initialization complete.
Block Memory Generator module SERPIENTE_FULL_tb.DUT.La_serpiente.sprite.inst.\native_mem_module.blk_mem_gen_v8_4_4_inst  is using a behavioral model for simulation which will not precisely model memory collision behavior.
INFO: [USF-XSim-96] XSim completed. Design snapshot 'SERPIENTE_FULL_tb_behav' loaded.
INFO: [USF-XSim-97] XSim simulation ran for 1000ns
launch_simulation: Time (s): cpu = 00:00:01 ; elapsed = 00:00:14 . Memory (MB): peak = 2915.277 ; gain = 48.578
close_sim
INFO: [Simtcl 6-16] Simulation closed
exit
INFO: [Common 17-206] Exiting Vivado at Sun Dec 18 18:44:52 2022...
