#-----------------------------------------------------------
# Vivado v2021.1 (64-bit)
# SW Build 3247384 on Thu Jun 10 19:36:33 MDT 2021
# IP Build 3246043 on Fri Jun 11 00:30:35 MDT 2021
# Start of session at: Sat Dec 17 22:00:01 2022
# Process ID: 20920
# Current directory: C:/Xilinx/Serpiente
# Command line: vivado.exe -gui_launcher_event rodinguilauncherevent19748 C:\Xilinx\Serpiente\Serpiente.xpr
# Log file: C:/Xilinx/Serpiente/vivado.log
# Journal file: C:/Xilinx/Serpiente\vivado.jou
#-----------------------------------------------------------
start_gui
open_project C:/Xilinx/Serpiente/Serpiente.xpr
CRITICAL WARNING: [Project 1-19] Could not find the file 'C:/Xilinx/Serpiente/Serpiente.srcs/sources_1/new/botones.vhd'.
Scanning sources...
Finished scanning sources
INFO: [IP_Flow 19-234] Refreshing IP repositories
INFO: [IP_Flow 19-1704] No user IP repositories specified
INFO: [IP_Flow 19-2313] Loaded Vivado IP repository 'C:/Xilinx/Vivado/2021.1/data/ip'.
update_compile_order -fileset sources_1
launch_simulation
Command: launch_simulation 
INFO: [Vivado 12-12493] Simulation top is 'SERPIENTE_FULL_tb'
boost::filesystem::remove: El proceso no tiene acceso al archivo porque está siendo utilizado por otro proceso: "C:/Xilinx/Serpiente/Serpiente.sim/sim_1/behav/xsim/simulate.log"
launch_simulation
Command: launch_simulation 
INFO: [Vivado 12-12493] Simulation top is 'SERPIENTE_FULL_tb'
boost::filesystem::remove: El proceso no tiene acceso al archivo porque está siendo utilizado por otro proceso: "C:/Xilinx/Serpiente/Serpiente.sim/sim_1/behav/xsim/simulate.log"
launch_simulation
Command: launch_simulation 
INFO: [Vivado 12-12493] Simulation top is 'SERPIENTE_FULL_tb'
boost::filesystem::remove: El proceso no tiene acceso al archivo porque está siendo utilizado por otro proceso: "C:/Xilinx/Serpiente/Serpiente.sim/sim_1/behav/xsim/simulate.log"
export_ip_user_files -of_objects  [get_files C:/Xilinx/Serpiente/Serpiente.srcs/sources_1/imports/Xilinx/vga_monitor.vhd] -no_script -reset -force -quiet
remove_files  C:/Xilinx/Serpiente/Serpiente.srcs/sources_1/imports/Xilinx/vga_monitor.vhd
launch_simulation
Command: launch_simulation 
INFO: [Vivado 12-12493] Simulation top is 'SERPIENTE_FULL_tb'
boost::filesystem::remove: El proceso no tiene acceso al archivo porque está siendo utilizado por otro proceso: "C:/Xilinx/Serpiente/Serpiente.sim/sim_1/behav/xsim/simulate.log"
update_compile_order -fileset sources_1
update_compile_order -fileset sources_1
set_property top SERPIENTE_FULL_tb [current_fileset]
update_compile_order -fileset sources_1
update_compile_order -fileset sources_1
launch_simulation
Command: launch_simulation 
INFO: [Vivado 12-12493] Simulation top is 'SERPIENTE_FULL_tb'
boost::filesystem::remove: El proceso no tiene acceso al archivo porque está siendo utilizado por otro proceso: "C:/Xilinx/Serpiente/Serpiente.sim/sim_1/behav/xsim/simulate.log"
launch_simulation
Command: launch_simulation 
INFO: [Vivado 12-12493] Simulation top is 'SERPIENTE_FULL_tb'
boost::filesystem::remove: El proceso no tiene acceso al archivo porque está siendo utilizado por otro proceso: "C:/Xilinx/Serpiente/Serpiente.sim/sim_1/behav/xsim/simulate.log"
reset_simulation
INFO: [Vivado 12-2266] Removing simulation data...
WARNING: [Vivado 12-3661] Failed to remove file:C:/Xilinx/Serpiente/Serpiente.sim/sim_1/behav/xsim/SERPIENTE_FULL_tb_behav.wdb
WARNING: [Vivado 12-3661] Failed to remove file:C:/Xilinx/Serpiente/Serpiente.sim/sim_1/behav/xsim/simulate.log
WARNING: [Vivado 12-3661] Failed to remove file:C:/Xilinx/Serpiente/Serpiente.sim/sim_1/behav/xsim/xsim.dir/SERPIENTE_FULL_tb_behav/xsim.xdbg
WARNING: [Vivado 12-4421] Failed to remove directory:C:/Xilinx/Serpiente/Serpiente.sim/sim_1/behav/xsim/xsim.dir/SERPIENTE_FULL_tb_behav
WARNING: [Vivado 12-4421] Failed to remove directory:C:/Xilinx/Serpiente/Serpiente.sim/sim_1/behav/xsim/xsim.dir
INFO: [Vivado 12-2267] Reset complete
exit
INFO: [Common 17-206] Exiting Vivado at Sat Dec 17 22:19:04 2022...
