
*** Running vivado
    with args -log SERPIENTE_FULL.vds -m64 -product Vivado -mode batch -messageDb vivado.pb -notrace -source SERPIENTE_FULL.tcl



****** Vivado v2021.1 (64-bit)
  **** SW Build 3247384 on Thu Jun 10 19:36:33 MDT 2021
  **** IP Build 3246043 on Fri Jun 11 00:30:35 MDT 2021
    ** Copyright 1986-2021 Xilinx, Inc. All Rights Reserved.

source SERPIENTE_FULL.tcl -notrace
Command: synth_design -top SERPIENTE_FULL -part xc7a35tcpg236-1
Starting synth_design
Attempting to get a license for feature 'Synthesis' and/or device 'xc7a35t'
INFO: [Common 17-349] Got license for feature 'Synthesis' and/or device 'xc7a35t'
INFO: [Device 21-403] Loading part xc7a35tcpg236-1
INFO: [Synth 8-7079] Multithreading enabled for synth_design using a maximum of 2 processes.
INFO: [Synth 8-7078] Launching helper process for spawning children vivado processes
INFO: [Synth 8-7075] Helper process launched with PID 8764
---------------------------------------------------------------------------------
Starting RTL Elaboration : Time (s): cpu = 00:00:05 ; elapsed = 00:00:05 . Memory (MB): peak = 1118.121 ; gain = 0.000
---------------------------------------------------------------------------------
INFO: [Synth 8-638] synthesizing module 'SERPIENTE_FULL' [C:/Users/drito/OneDrive/Escritorio/Serpiente_Final/Serpiente/Serpiente.srcs/sources_1/new/SERPIENTE_FULL.vhd:58]
INFO: [Synth 8-3491] module 'SERPIENTE' declared at 'C:/Users/drito/OneDrive/Escritorio/Serpiente_Final/Serpiente/Serpiente.srcs/sources_1/new/SERPIENTE.vhd:27' bound to instance 'La_serpiente' of component 'SERPIENTE' [C:/Users/drito/OneDrive/Escritorio/Serpiente_Final/Serpiente/Serpiente.srcs/sources_1/new/SERPIENTE_FULL.vhd:101]
INFO: [Synth 8-638] synthesizing module 'SERPIENTE' [C:/Users/drito/OneDrive/Escritorio/Serpiente_Final/Serpiente/Serpiente.srcs/sources_1/new/SERPIENTE.vhd:49]
	Parameter ancho_tablero bound to: 512 - type: integer 
	Parameter alto_tablero bound to: 256 - type: integer 
INFO: [Synth 8-3491] module 'draw' declared at 'C:/Users/drito/OneDrive/Escritorio/Serpiente_Final/Serpiente/Serpiente.srcs/sources_1/new/draw.vhd:34' bound to instance 'dibuja' of component 'draw' [C:/Users/drito/OneDrive/Escritorio/Serpiente_Final/Serpiente/Serpiente.srcs/sources_1/new/SERPIENTE.vhd:179]
INFO: [Synth 8-638] synthesizing module 'draw' [C:/Users/drito/OneDrive/Escritorio/Serpiente_Final/Serpiente/Serpiente.srcs/sources_1/new/draw.vhd:53]
	Parameter ancho_tablero bound to: 512 - type: integer 
	Parameter alto_tablero bound to: 256 - type: integer 
INFO: [Synth 8-256] done synthesizing module 'draw' (1#1) [C:/Users/drito/OneDrive/Escritorio/Serpiente_Final/Serpiente/Serpiente.srcs/sources_1/new/draw.vhd:53]
INFO: [Synth 8-3491] module 'driverVGA' declared at 'C:/Users/drito/OneDrive/Escritorio/Serpiente_Final/Serpiente/Serpiente.srcs/sources_1/new/driverVGA.vhd:29' bound to instance 'driver' of component 'driverVGA' [C:/Users/drito/OneDrive/Escritorio/Serpiente_Final/Serpiente/Serpiente.srcs/sources_1/new/SERPIENTE.vhd:198]
INFO: [Synth 8-638] synthesizing module 'driverVGA' [C:/Users/drito/OneDrive/Escritorio/Serpiente_Final/Serpiente/Serpiente.srcs/sources_1/new/driverVGA.vhd:41]
INFO: [Synth 8-3491] module 'frec_pixel' declared at 'C:/Users/drito/OneDrive/Escritorio/Serpiente_Final/Serpiente/Serpiente.srcs/sources_1/new/frec_pixel.vhd:28' bound to instance 'divisor' of component 'frec_pixel' [C:/Users/drito/OneDrive/Escritorio/Serpiente_Final/Serpiente/Serpiente.srcs/sources_1/new/driverVGA.vhd:99]
INFO: [Synth 8-638] synthesizing module 'frec_pixel' [C:/Users/drito/OneDrive/Escritorio/Serpiente_Final/Serpiente/Serpiente.srcs/sources_1/new/frec_pixel.vhd:34]
INFO: [Synth 8-256] done synthesizing module 'frec_pixel' (2#1) [C:/Users/drito/OneDrive/Escritorio/Serpiente_Final/Serpiente/Serpiente.srcs/sources_1/new/frec_pixel.vhd:34]
	Parameter Nbit bound to: 10 - type: integer 
INFO: [Synth 8-3491] module 'contador' declared at 'C:/Users/drito/OneDrive/Escritorio/Serpiente_Final/Serpiente/Serpiente.srcs/sources_1/new/contador.vhd:28' bound to instance 'contador_x' of component 'contador' [C:/Users/drito/OneDrive/Escritorio/Serpiente_Final/Serpiente/Serpiente.srcs/sources_1/new/driverVGA.vhd:105]
INFO: [Synth 8-638] synthesizing module 'contador' [C:/Users/drito/OneDrive/Escritorio/Serpiente_Final/Serpiente/Serpiente.srcs/sources_1/new/contador.vhd:37]
	Parameter Nbit bound to: 10 - type: integer 
INFO: [Synth 8-256] done synthesizing module 'contador' (3#1) [C:/Users/drito/OneDrive/Escritorio/Serpiente_Final/Serpiente/Serpiente.srcs/sources_1/new/contador.vhd:37]
	Parameter Nbit bound to: 10 - type: integer 
	Parameter End_Of_Screen bound to: 639 - type: integer 
	Parameter Start_Of_Pulse bound to: 655 - type: integer 
	Parameter End_Of_Pulse bound to: 751 - type: integer 
	Parameter End_Of_Line bound to: 799 - type: integer 
INFO: [Synth 8-3491] module 'comparador' declared at 'C:/Users/drito/OneDrive/Escritorio/Serpiente_Final/Serpiente/Serpiente.srcs/sources_1/new/comparador.vhd:27' bound to instance 'comparador_x' of component 'comparador' [C:/Users/drito/OneDrive/Escritorio/Serpiente_Final/Serpiente/Serpiente.srcs/sources_1/new/driverVGA.vhd:117]
INFO: [Synth 8-638] synthesizing module 'comparador' [C:/Users/drito/OneDrive/Escritorio/Serpiente_Final/Serpiente/Serpiente.srcs/sources_1/new/comparador.vhd:42]
	Parameter Nbit bound to: 10 - type: integer 
	Parameter End_Of_Screen bound to: 639 - type: integer 
	Parameter Start_Of_Pulse bound to: 655 - type: integer 
	Parameter End_Of_Pulse bound to: 751 - type: integer 
	Parameter End_Of_Line bound to: 799 - type: integer 
INFO: [Synth 8-256] done synthesizing module 'comparador' (4#1) [C:/Users/drito/OneDrive/Escritorio/Serpiente_Final/Serpiente/Serpiente.srcs/sources_1/new/comparador.vhd:42]
	Parameter Nbit bound to: 10 - type: integer 
INFO: [Synth 8-3491] module 'contador' declared at 'C:/Users/drito/OneDrive/Escritorio/Serpiente_Final/Serpiente/Serpiente.srcs/sources_1/new/contador.vhd:28' bound to instance 'contador_y' of component 'contador' [C:/Users/drito/OneDrive/Escritorio/Serpiente_Final/Serpiente/Serpiente.srcs/sources_1/new/driverVGA.vhd:136]
	Parameter Nbit bound to: 10 - type: integer 
	Parameter End_Of_Screen bound to: 479 - type: integer 
	Parameter Start_Of_Pulse bound to: 489 - type: integer 
	Parameter End_Of_Pulse bound to: 491 - type: integer 
	Parameter End_Of_Line bound to: 520 - type: integer 
INFO: [Synth 8-3491] module 'comparador' declared at 'C:/Users/drito/OneDrive/Escritorio/Serpiente_Final/Serpiente/Serpiente.srcs/sources_1/new/comparador.vhd:27' bound to instance 'comparador_y' of component 'comparador' [C:/Users/drito/OneDrive/Escritorio/Serpiente_Final/Serpiente/Serpiente.srcs/sources_1/new/driverVGA.vhd:148]
INFO: [Synth 8-638] synthesizing module 'comparador__parameterized1' [C:/Users/drito/OneDrive/Escritorio/Serpiente_Final/Serpiente/Serpiente.srcs/sources_1/new/comparador.vhd:42]
	Parameter Nbit bound to: 10 - type: integer 
	Parameter End_Of_Screen bound to: 479 - type: integer 
	Parameter Start_Of_Pulse bound to: 489 - type: integer 
	Parameter End_Of_Pulse bound to: 491 - type: integer 
	Parameter End_Of_Line bound to: 520 - type: integer 
INFO: [Synth 8-256] done synthesizing module 'comparador__parameterized1' (4#1) [C:/Users/drito/OneDrive/Escritorio/Serpiente_Final/Serpiente/Serpiente.srcs/sources_1/new/comparador.vhd:42]
INFO: [Synth 8-3491] module 'gen_color' declared at 'C:/Users/drito/OneDrive/Escritorio/Serpiente_Final/Serpiente/Serpiente.srcs/sources_1/new/gen_color.vhd:28' bound to instance 'generar_color' of component 'gen_color' [C:/Users/drito/OneDrive/Escritorio/Serpiente_Final/Serpiente/Serpiente.srcs/sources_1/new/driverVGA.vhd:165]
INFO: [Synth 8-638] synthesizing module 'gen_color' [C:/Users/drito/OneDrive/Escritorio/Serpiente_Final/Serpiente/Serpiente.srcs/sources_1/new/gen_color.vhd:40]
INFO: [Synth 8-256] done synthesizing module 'gen_color' (5#1) [C:/Users/drito/OneDrive/Escritorio/Serpiente_Final/Serpiente/Serpiente.srcs/sources_1/new/gen_color.vhd:40]
INFO: [Synth 8-256] done synthesizing module 'driverVGA' (6#1) [C:/Users/drito/OneDrive/Escritorio/Serpiente_Final/Serpiente/Serpiente.srcs/sources_1/new/driverVGA.vhd:41]
INFO: [Synth 8-3491] module 'blk_mem_gen_0' declared at 'C:/Users/drito/OneDrive/Escritorio/Serpiente_Final/Serpiente/Serpiente.runs/synth_1/.Xil/Vivado-10932-plj-pc/realtime/blk_mem_gen_0_stub.vhdl:5' bound to instance 'tablero' of component 'blk_mem_gen_0' [C:/Users/drito/OneDrive/Escritorio/Serpiente_Final/Serpiente/Serpiente.srcs/sources_1/new/SERPIENTE.vhd:211]
INFO: [Synth 8-638] synthesizing module 'blk_mem_gen_0' [C:/Users/drito/OneDrive/Escritorio/Serpiente_Final/Serpiente/Serpiente.runs/synth_1/.Xil/Vivado-10932-plj-pc/realtime/blk_mem_gen_0_stub.vhdl:21]
INFO: [Synth 8-3491] module 'blk_mem_gen_1' declared at 'C:/Users/drito/OneDrive/Escritorio/Serpiente_Final/Serpiente/Serpiente.runs/synth_1/.Xil/Vivado-10932-plj-pc/realtime/blk_mem_gen_1_stub.vhdl:5' bound to instance 'sprite' of component 'blk_mem_gen_1' [C:/Users/drito/OneDrive/Escritorio/Serpiente_Final/Serpiente/Serpiente.srcs/sources_1/new/SERPIENTE.vhd:225]
INFO: [Synth 8-638] synthesizing module 'blk_mem_gen_1' [C:/Users/drito/OneDrive/Escritorio/Serpiente_Final/Serpiente/Serpiente.runs/synth_1/.Xil/Vivado-10932-plj-pc/realtime/blk_mem_gen_1_stub.vhdl:14]
INFO: [Synth 8-3491] module 'display_control_p1' declared at 'C:/Users/drito/OneDrive/Escritorio/Serpiente_Final/display_control_p1.vhd:35' bound to instance 'display' of component 'display_control_p1' [C:/Users/drito/OneDrive/Escritorio/Serpiente_Final/Serpiente/Serpiente.srcs/sources_1/new/SERPIENTE.vhd:232]
INFO: [Synth 8-638] synthesizing module 'display_control_p1' [C:/Users/drito/OneDrive/Escritorio/Serpiente_Final/display_control_p1.vhd:50]
INFO: [Synth 8-3491] module 'div_freq' declared at 'C:/Users/drito/OneDrive/Escritorio/div_freq.vhd:34' bound to instance 'Divisor_frecuencia' of component 'div_freq' [C:/Users/drito/OneDrive/Escritorio/Serpiente_Final/display_control_p1.vhd:118]
INFO: [Synth 8-638] synthesizing module 'div_freq' [C:/Users/drito/OneDrive/Escritorio/div_freq.vhd:42]
INFO: [Synth 8-256] done synthesizing module 'div_freq' (7#1) [C:/Users/drito/OneDrive/Escritorio/div_freq.vhd:42]
INFO: [Synth 8-3491] module 'cont_digit' declared at 'C:/Users/drito/OneDrive/Escritorio/cont_digit.vhd:34' bound to instance 'Contador1' of component 'cont_digit' [C:/Users/drito/OneDrive/Escritorio/Serpiente_Final/display_control_p1.vhd:125]
INFO: [Synth 8-638] synthesizing module 'cont_digit' [C:/Users/drito/OneDrive/Escritorio/cont_digit.vhd:42]
INFO: [Synth 8-256] done synthesizing module 'cont_digit' (8#1) [C:/Users/drito/OneDrive/Escritorio/cont_digit.vhd:42]
INFO: [Synth 8-3491] module 'cont_digit' declared at 'C:/Users/drito/OneDrive/Escritorio/cont_digit.vhd:34' bound to instance 'Contador2' of component 'cont_digit' [C:/Users/drito/OneDrive/Escritorio/Serpiente_Final/display_control_p1.vhd:132]
INFO: [Synth 8-3491] module 'cont_digit' declared at 'C:/Users/drito/OneDrive/Escritorio/cont_digit.vhd:34' bound to instance 'Contador3' of component 'cont_digit' [C:/Users/drito/OneDrive/Escritorio/Serpiente_Final/display_control_p1.vhd:139]
INFO: [Synth 8-3491] module 'cont_digit' declared at 'C:/Users/drito/OneDrive/Escritorio/cont_digit.vhd:34' bound to instance 'Contador4' of component 'cont_digit' [C:/Users/drito/OneDrive/Escritorio/Serpiente_Final/display_control_p1.vhd:146]
INFO: [Synth 8-3491] module 'reg_despl' declared at 'C:/Users/drito/OneDrive/Escritorio/Serpiente_Final/reg_despl.vhd:34' bound to instance 'registro' of component 'reg_despl' [C:/Users/drito/OneDrive/Escritorio/Serpiente_Final/display_control_p1.vhd:153]
INFO: [Synth 8-638] synthesizing module 'reg_despl' [C:/Users/drito/OneDrive/Escritorio/Serpiente_Final/reg_despl.vhd:41]
INFO: [Synth 8-256] done synthesizing module 'reg_despl' (9#1) [C:/Users/drito/OneDrive/Escritorio/Serpiente_Final/reg_despl.vhd:41]
INFO: [Synth 8-3491] module 'deco' declared at 'C:/Users/drito/OneDrive/Escritorio/Serpiente_Final/deco.vhd:34' bound to instance 'Decodificador' of component 'deco' [C:/Users/drito/OneDrive/Escritorio/Serpiente_Final/display_control_p1.vhd:166]
INFO: [Synth 8-638] synthesizing module 'deco' [C:/Users/drito/OneDrive/Escritorio/Serpiente_Final/deco.vhd:39]
INFO: [Synth 8-256] done synthesizing module 'deco' (10#1) [C:/Users/drito/OneDrive/Escritorio/Serpiente_Final/deco.vhd:39]
INFO: [Synth 8-256] done synthesizing module 'display_control_p1' (11#1) [C:/Users/drito/OneDrive/Escritorio/Serpiente_Final/display_control_p1.vhd:50]
INFO: [Synth 8-3491] module 'gestor' declared at 'C:/Users/drito/OneDrive/Escritorio/Serpiente_Final/Serpiente/Serpiente.srcs/sources_1/new/gestor.vhd:26' bound to instance 'gestiona' of component 'gestor' [C:/Users/drito/OneDrive/Escritorio/Serpiente_Final/Serpiente/Serpiente.srcs/sources_1/new/SERPIENTE.vhd:246]
INFO: [Synth 8-638] synthesizing module 'gestor' [C:/Users/drito/OneDrive/Escritorio/Serpiente_Final/Serpiente/Serpiente.srcs/sources_1/new/gestor.vhd:42]
INFO: [Synth 8-256] done synthesizing module 'gestor' (12#1) [C:/Users/drito/OneDrive/Escritorio/Serpiente_Final/Serpiente/Serpiente.srcs/sources_1/new/gestor.vhd:42]
INFO: [Synth 8-3491] module 'botones_definitivo' declared at 'C:/Users/drito/OneDrive/Escritorio/Serpiente_Final/Serpiente/Serpiente.srcs/sources_1/new/botones_definitivo.vhd:25' bound to instance 'mov_botones' of component 'botones_definitivo' [C:/Users/drito/OneDrive/Escritorio/Serpiente_Final/Serpiente/Serpiente.srcs/sources_1/new/SERPIENTE.vhd:263]
INFO: [Synth 8-638] synthesizing module 'botones_definitivo' [C:/Users/drito/OneDrive/Escritorio/Serpiente_Final/Serpiente/Serpiente.srcs/sources_1/new/botones_definitivo.vhd:38]
INFO: [Synth 8-256] done synthesizing module 'botones_definitivo' (13#1) [C:/Users/drito/OneDrive/Escritorio/Serpiente_Final/Serpiente/Serpiente.srcs/sources_1/new/botones_definitivo.vhd:38]
INFO: [Synth 8-256] done synthesizing module 'SERPIENTE' (14#1) [C:/Users/drito/OneDrive/Escritorio/Serpiente_Final/Serpiente/Serpiente.srcs/sources_1/new/SERPIENTE.vhd:49]
	Parameter Bits_R bound to: 4 - type: integer 
	Parameter Bits_G bound to: 4 - type: integer 
	Parameter Bits_B bound to: 4 - type: integer 
INFO: [Synth 8-3491] module 'RGB_divider' declared at 'C:/Users/drito/OneDrive/Escritorio/Serpiente_Final/Serpiente/Serpiente.srcs/sources_1/new/RGB_divider.vhd:29' bound to instance 'divisor_RGB' of component 'RGB_divider' [C:/Users/drito/OneDrive/Escritorio/Serpiente_Final/Serpiente/Serpiente.srcs/sources_1/new/SERPIENTE_FULL.vhd:123]
INFO: [Synth 8-638] synthesizing module 'RGB_divider' [C:/Users/drito/OneDrive/Escritorio/Serpiente_Final/Serpiente/Serpiente.srcs/sources_1/new/RGB_divider.vhd:39]
	Parameter Bits_R bound to: 4 - type: integer 
	Parameter Bits_G bound to: 4 - type: integer 
	Parameter Bits_B bound to: 4 - type: integer 
INFO: [Synth 8-256] done synthesizing module 'RGB_divider' (15#1) [C:/Users/drito/OneDrive/Escritorio/Serpiente_Final/Serpiente/Serpiente.srcs/sources_1/new/RGB_divider.vhd:39]
INFO: [Synth 8-256] done synthesizing module 'SERPIENTE_FULL' (16#1) [C:/Users/drito/OneDrive/Escritorio/Serpiente_Final/Serpiente/Serpiente.srcs/sources_1/new/SERPIENTE_FULL.vhd:58]
---------------------------------------------------------------------------------
Finished RTL Elaboration : Time (s): cpu = 00:00:06 ; elapsed = 00:00:06 . Memory (MB): peak = 1118.121 ; gain = 0.000
---------------------------------------------------------------------------------
---------------------------------------------------------------------------------
Start Handling Custom Attributes
---------------------------------------------------------------------------------
---------------------------------------------------------------------------------
Finished Handling Custom Attributes : Time (s): cpu = 00:00:07 ; elapsed = 00:00:07 . Memory (MB): peak = 1118.121 ; gain = 0.000
---------------------------------------------------------------------------------
---------------------------------------------------------------------------------
Finished RTL Optimization Phase 1 : Time (s): cpu = 00:00:07 ; elapsed = 00:00:07 . Memory (MB): peak = 1118.121 ; gain = 0.000
---------------------------------------------------------------------------------
Netlist sorting complete. Time (s): cpu = 00:00:00 ; elapsed = 00:00:00.007 . Memory (MB): peak = 1118.121 ; gain = 0.000
INFO: [Project 1-570] Preparing netlist for logic optimization

Processing XDC Constraints
Initializing timing engine
Parsing XDC File [c:/Users/drito/OneDrive/Escritorio/Serpiente_Final/Serpiente/Serpiente.gen/sources_1/ip/blk_mem_gen_1/blk_mem_gen_1/memoria_sprite_in_context.xdc] for cell 'La_serpiente/sprite'
Finished Parsing XDC File [c:/Users/drito/OneDrive/Escritorio/Serpiente_Final/Serpiente/Serpiente.gen/sources_1/ip/blk_mem_gen_1/blk_mem_gen_1/memoria_sprite_in_context.xdc] for cell 'La_serpiente/sprite'
Parsing XDC File [c:/Users/drito/OneDrive/Escritorio/Serpiente_Final/Serpiente/Serpiente.gen/sources_1/ip/blk_mem_gen_0/blk_mem_gen_0/blk_mem_gen_0_in_context.xdc] for cell 'La_serpiente/tablero'
Finished Parsing XDC File [c:/Users/drito/OneDrive/Escritorio/Serpiente_Final/Serpiente/Serpiente.gen/sources_1/ip/blk_mem_gen_0/blk_mem_gen_0/blk_mem_gen_0_in_context.xdc] for cell 'La_serpiente/tablero'
Parsing XDC File [C:/Users/drito/OneDrive/Escritorio/Serpiente_Final/Serpiente/Serpiente.srcs/constrs_1/imports/imports/Basys-3-Master.xdc]
Finished Parsing XDC File [C:/Users/drito/OneDrive/Escritorio/Serpiente_Final/Serpiente/Serpiente.srcs/constrs_1/imports/imports/Basys-3-Master.xdc]
INFO: [Project 1-236] Implementation specific constraints were found while reading constraint file [C:/Users/drito/OneDrive/Escritorio/Serpiente_Final/Serpiente/Serpiente.srcs/constrs_1/imports/imports/Basys-3-Master.xdc]. These constraints will be ignored for synthesis but will be used in implementation. Impacted constraints are listed in the file [.Xil/SERPIENTE_FULL_propImpl.xdc].
Resolution: To avoid this warning, move constraints listed in [.Xil/SERPIENTE_FULL_propImpl.xdc] to another XDC file and exclude this new file from synthesis with the used_in_synthesis property (File Properties dialog in GUI) and re-run elaboration/synthesis.
Parsing XDC File [C:/Users/drito/OneDrive/Escritorio/Serpiente_Final/Serpiente/Serpiente.runs/synth_1/dont_touch.xdc]
Finished Parsing XDC File [C:/Users/drito/OneDrive/Escritorio/Serpiente_Final/Serpiente/Serpiente.runs/synth_1/dont_touch.xdc]
Completed Processing XDC Constraints

Netlist sorting complete. Time (s): cpu = 00:00:00 ; elapsed = 00:00:00.001 . Memory (MB): peak = 1118.121 ; gain = 0.000
INFO: [Project 1-111] Unisim Transformation Summary:
No Unisim elements were transformed.

Constraint Validation Runtime : Time (s): cpu = 00:00:00 ; elapsed = 00:00:00.005 . Memory (MB): peak = 1118.121 ; gain = 0.000
WARNING: [Timing 38-316] Clock period '20.000' specified during out-of-context synthesis of instance 'La_serpiente/sprite' at clock pin 'clka' is different from the actual clock period '10.000', this can lead to different synthesis results.
WARNING: [Timing 38-316] Clock period '20.000' specified during out-of-context synthesis of instance 'La_serpiente/tablero' at clock pin 'clka' is different from the actual clock period '10.000', this can lead to different synthesis results.
---------------------------------------------------------------------------------
Finished Constraint Validation : Time (s): cpu = 00:00:14 ; elapsed = 00:00:14 . Memory (MB): peak = 1118.121 ; gain = 0.000
---------------------------------------------------------------------------------
---------------------------------------------------------------------------------
Start Loading Part and Timing Information
---------------------------------------------------------------------------------
Loading part: xc7a35tcpg236-1
---------------------------------------------------------------------------------
Finished Loading Part and Timing Information : Time (s): cpu = 00:00:14 ; elapsed = 00:00:14 . Memory (MB): peak = 1118.121 ; gain = 0.000
---------------------------------------------------------------------------------
---------------------------------------------------------------------------------
Start Applying 'set_property' XDC Constraints
---------------------------------------------------------------------------------
Applied set_property KEEP_HIERARCHY = SOFT for La_serpiente/sprite. (constraint file  auto generated constraint).
Applied set_property KEEP_HIERARCHY = SOFT for La_serpiente/tablero. (constraint file  auto generated constraint).
---------------------------------------------------------------------------------
Finished applying 'set_property' XDC Constraints : Time (s): cpu = 00:00:14 ; elapsed = 00:00:14 . Memory (MB): peak = 1118.121 ; gain = 0.000
---------------------------------------------------------------------------------
INFO: [Synth 8-802] inferred FSM for state register 'reg_out_reg' in module 'reg_despl'
INFO: [Synth 8-802] inferred FSM for state register 'estado_reg' in module 'gestor'
---------------------------------------------------------------------------------------------------
                   State |                     New Encoding |                Previous Encoding 
---------------------------------------------------------------------------------------------------
                 iSTATE0 |                             0001 |                             1110
                 iSTATE1 |                             0010 |                             1101
                 iSTATE2 |                             0100 |                             1011
                  iSTATE |                             1000 |                             0111
*
---------------------------------------------------------------------------------------------------
INFO: [Synth 8-3354] encoded FSM with state register 'reg_out_reg' using encoding 'one-hot' in module 'reg_despl'
---------------------------------------------------------------------------------------------------
                   State |                     New Encoding |                Previous Encoding 
---------------------------------------------------------------------------------------------------
                  reposo |                            00000 |                            00000
    incrementar_pantalla |                            00001 |                            00001
     comprobar_siguiente |                            00010 |                            00010
             espera_dato |                            00011 |                            00011
            espera_dato2 |                            00100 |                            00100
           verificar_mov |                            00101 |                            00101
          espera_ver_mov |                            00110 |                            00110
                 manzana |                            00111 |                            00111
                  muerto |                            01000 |                            01000
                 muerte2 |                            01001 |                            10010
           leer_posicion |                            01010 |                            01001
        espera_lectura_1 |                            01011 |                            01010
        espera_lectura_2 |                            01100 |                            01011
         guardar_casilla |                            01101 |                            01100
   espera_guarda_casilla |                            01110 |                            01101
      actualizar_casilla |                            01111 |                            01110
      espera_act_casilla |                            10000 |                            01111
           comprobar_dir |                            10001 |                            10000
    espera_actualizacion |                            10010 |                            10001
---------------------------------------------------------------------------------------------------
INFO: [Synth 8-3354] encoded FSM with state register 'estado_reg' using encoding 'sequential' in module 'gestor'
---------------------------------------------------------------------------------
Finished RTL Optimization Phase 2 : Time (s): cpu = 00:00:14 ; elapsed = 00:00:15 . Memory (MB): peak = 1118.121 ; gain = 0.000
---------------------------------------------------------------------------------
---------------------------------------------------------------------------------
Start RTL Component Statistics 
---------------------------------------------------------------------------------
Detailed RTL Component Info : 
+---Adders : 
	   2 Input   10 Bit       Adders := 2     
	   2 Input    9 Bit       Adders := 1     
	   2 Input    6 Bit       Adders := 2     
	   2 Input    5 Bit       Adders := 3     
	   2 Input    4 Bit       Adders := 7     
	   2 Input    2 Bit       Adders := 1     
+---XORs : 
	   2 Input      1 Bit         XORs := 2     
+---Registers : 
	               10 Bit    Registers := 2     
	                9 Bit    Registers := 2     
	                6 Bit    Registers := 3     
	                5 Bit    Registers := 3     
	                4 Bit    Registers := 7     
	                2 Bit    Registers := 1     
	                1 Bit    Registers := 21    
+---Muxes : 
	   2 Input   12 Bit        Muxes := 4     
	   2 Input   10 Bit        Muxes := 2     
	   2 Input    9 Bit        Muxes := 3     
	  19 Input    9 Bit        Muxes := 2     
	   2 Input    6 Bit        Muxes := 1     
	  19 Input    6 Bit        Muxes := 1     
	   2 Input    5 Bit        Muxes := 2     
	  37 Input    5 Bit        Muxes := 1     
	   2 Input    4 Bit        Muxes := 10    
	   4 Input    4 Bit        Muxes := 3     
	   6 Input    4 Bit        Muxes := 1     
	   5 Input    4 Bit        Muxes := 1     
	   4 Input    3 Bit        Muxes := 1     
	   2 Input    1 Bit        Muxes := 21    
	  19 Input    1 Bit        Muxes := 14    
---------------------------------------------------------------------------------
Finished RTL Component Statistics 
---------------------------------------------------------------------------------
---------------------------------------------------------------------------------
Start Part Resource Summary
---------------------------------------------------------------------------------
Part Resources:
DSPs: 90 (col length:60)
BRAMs: 100 (col length: RAMB18 60 RAMB36 30)
---------------------------------------------------------------------------------
Finished Part Resource Summary
---------------------------------------------------------------------------------
---------------------------------------------------------------------------------
Start Cross Boundary and Area Optimization
---------------------------------------------------------------------------------
---------------------------------------------------------------------------------
Finished Cross Boundary and Area Optimization : Time (s): cpu = 00:00:17 ; elapsed = 00:00:18 . Memory (MB): peak = 1118.121 ; gain = 0.000
---------------------------------------------------------------------------------
---------------------------------------------------------------------------------
Start Applying XDC Timing Constraints
---------------------------------------------------------------------------------
---------------------------------------------------------------------------------
Finished Applying XDC Timing Constraints : Time (s): cpu = 00:00:24 ; elapsed = 00:00:25 . Memory (MB): peak = 1118.121 ; gain = 0.000
---------------------------------------------------------------------------------
---------------------------------------------------------------------------------
Start Timing Optimization
---------------------------------------------------------------------------------
---------------------------------------------------------------------------------
Finished Timing Optimization : Time (s): cpu = 00:00:24 ; elapsed = 00:00:25 . Memory (MB): peak = 1118.121 ; gain = 0.000
---------------------------------------------------------------------------------
---------------------------------------------------------------------------------
Start Technology Mapping
---------------------------------------------------------------------------------
---------------------------------------------------------------------------------
Finished Technology Mapping : Time (s): cpu = 00:00:25 ; elapsed = 00:00:26 . Memory (MB): peak = 1118.121 ; gain = 0.000
---------------------------------------------------------------------------------
---------------------------------------------------------------------------------
Start IO Insertion
---------------------------------------------------------------------------------
---------------------------------------------------------------------------------
Start Flattening Before IO Insertion
---------------------------------------------------------------------------------
---------------------------------------------------------------------------------
Finished Flattening Before IO Insertion
---------------------------------------------------------------------------------
---------------------------------------------------------------------------------
Start Final Netlist Cleanup
---------------------------------------------------------------------------------
---------------------------------------------------------------------------------
Finished Final Netlist Cleanup
---------------------------------------------------------------------------------
---------------------------------------------------------------------------------
Finished IO Insertion : Time (s): cpu = 00:00:28 ; elapsed = 00:00:29 . Memory (MB): peak = 1118.121 ; gain = 0.000
---------------------------------------------------------------------------------
---------------------------------------------------------------------------------
Start Renaming Generated Instances
---------------------------------------------------------------------------------
---------------------------------------------------------------------------------
Finished Renaming Generated Instances : Time (s): cpu = 00:00:28 ; elapsed = 00:00:29 . Memory (MB): peak = 1118.121 ; gain = 0.000
---------------------------------------------------------------------------------
---------------------------------------------------------------------------------
Start Rebuilding User Hierarchy
---------------------------------------------------------------------------------
---------------------------------------------------------------------------------
Finished Rebuilding User Hierarchy : Time (s): cpu = 00:00:28 ; elapsed = 00:00:29 . Memory (MB): peak = 1118.121 ; gain = 0.000
---------------------------------------------------------------------------------
---------------------------------------------------------------------------------
Start Renaming Generated Ports
---------------------------------------------------------------------------------
---------------------------------------------------------------------------------
Finished Renaming Generated Ports : Time (s): cpu = 00:00:28 ; elapsed = 00:00:29 . Memory (MB): peak = 1118.121 ; gain = 0.000
---------------------------------------------------------------------------------
---------------------------------------------------------------------------------
Start Handling Custom Attributes
---------------------------------------------------------------------------------
---------------------------------------------------------------------------------
Finished Handling Custom Attributes : Time (s): cpu = 00:00:28 ; elapsed = 00:00:29 . Memory (MB): peak = 1118.121 ; gain = 0.000
---------------------------------------------------------------------------------
---------------------------------------------------------------------------------
Start Renaming Generated Nets
---------------------------------------------------------------------------------
---------------------------------------------------------------------------------
Finished Renaming Generated Nets : Time (s): cpu = 00:00:28 ; elapsed = 00:00:29 . Memory (MB): peak = 1118.121 ; gain = 0.000
---------------------------------------------------------------------------------
---------------------------------------------------------------------------------
Start Writing Synthesis Report
---------------------------------------------------------------------------------

Report BlackBoxes: 
+------+--------------+----------+
|      |BlackBox name |Instances |
+------+--------------+----------+
|1     |blk_mem_gen_0 |         1|
|2     |blk_mem_gen_1 |         1|
+------+--------------+----------+

Report Cell Usage: 
+------+-------------------+------+
|      |Cell               |Count |
+------+-------------------+------+
|1     |blk_mem_gen_0_bbox |     1|
|2     |blk_mem_gen_1_bbox |     1|
|3     |BUFG               |     1|
|4     |CARRY4             |     3|
|5     |LUT1               |     9|
|6     |LUT2               |    25|
|7     |LUT3               |    35|
|8     |LUT4               |    47|
|9     |LUT5               |    51|
|10    |LUT6               |    70|
|11    |FDCE               |   113|
|12    |FDPE               |    15|
|13    |IBUF               |     6|
|14    |OBUF               |    26|
+------+-------------------+------+
---------------------------------------------------------------------------------
Finished Writing Synthesis Report : Time (s): cpu = 00:00:28 ; elapsed = 00:00:29 . Memory (MB): peak = 1118.121 ; gain = 0.000
---------------------------------------------------------------------------------
Synthesis finished with 0 errors, 0 critical warnings and 0 warnings.
Synthesis Optimization Runtime : Time (s): cpu = 00:00:19 ; elapsed = 00:00:27 . Memory (MB): peak = 1118.121 ; gain = 0.000
Synthesis Optimization Complete : Time (s): cpu = 00:00:28 ; elapsed = 00:00:30 . Memory (MB): peak = 1118.121 ; gain = 0.000
INFO: [Project 1-571] Translating synthesized netlist
Netlist sorting complete. Time (s): cpu = 00:00:00 ; elapsed = 00:00:00.005 . Memory (MB): peak = 1118.121 ; gain = 0.000
INFO: [Netlist 29-17] Analyzing 3 Unisim elements for replacement
INFO: [Netlist 29-28] Unisim Transformation completed in 0 CPU seconds
INFO: [Project 1-570] Preparing netlist for logic optimization
INFO: [Opt 31-138] Pushed 0 inverter(s) to 0 load pin(s).
Netlist sorting complete. Time (s): cpu = 00:00:00 ; elapsed = 00:00:00.001 . Memory (MB): peak = 1118.816 ; gain = 0.000
INFO: [Project 1-111] Unisim Transformation Summary:
No Unisim elements were transformed.

Synth Design complete, checksum: d40bbd9a
INFO: [Common 17-83] Releasing license: Synthesis
77 Infos, 2 Warnings, 0 Critical Warnings and 0 Errors encountered.
synth_design completed successfully
synth_design: Time (s): cpu = 00:00:33 ; elapsed = 00:00:35 . Memory (MB): peak = 1118.816 ; gain = 0.695
INFO: [Common 17-1381] The checkpoint 'C:/Users/drito/OneDrive/Escritorio/Serpiente_Final/Serpiente/Serpiente.runs/synth_1/SERPIENTE_FULL.dcp' has been generated.
INFO: [runtcl-4] Executing : report_utilization -file SERPIENTE_FULL_utilization_synth.rpt -pb SERPIENTE_FULL_utilization_synth.pb
INFO: [Common 17-206] Exiting Vivado at Tue Dec 20 10:49:38 2022...
